[approve]: (e=  1, t=0, type= thread_start  , t=0           )   
[approve]: (e=  2, t=0, type= obj_write     , o=1, inst= 36)   
[approve]: (e=  3, t=0, type= thread_precreate             )   
[approve]: (e=  4, t=0, type= thread_postcreate , t=1           )   
[approve]: (e=  5, t=1, type= thread_start  , t=1           )   
[approve]: (e=  6, t=0, type= thread_precreate             )   
[approve]: (e=  8, t=0, type= thread_postcreate , t=2           )   
[approve]: (e=  9, t=2, type= thread_start  , t=2           )   
[approve]: (e=  7, t=1, type= obj_write     , o=1, inst= 14)   
[approve]: (e= 12, t=1, type= obj_write     , o=1, inst= 1)   
[approve]: (e= 13, t=1, type= obj_read      , o=2, inst= 2)   
[approve]: (e= 14, t=1, type= obj_write     , o=1, inst= 4)   
[approve]: (e= 11, t=2, type= obj_write     , o=1, inst= 23)   
[approve]: (e= 16, t=2, type= obj_write     , o=1, inst= 7)   
[approve]: (e= 17, t=2, type= obj_read      , o=2, inst= 8)   
[approve]: (e= 18, t=2, type= obj_write     , o=1, inst= 10)   
[approve]: (e= 19, t=2, type= obj_read      , o=3, inst= 11)   
[approve]: (e= 20, t=2, type= obj_write     , o=3, inst= 29)   
[approve]: (e= 15, t=1, type= obj_read      , o=3, inst= 5)   
[approve]: (e= 22, t=1, type= obj_write     , o=2, inst= 20)   
[approve]: (e= 23, t=1, type= thread_end    , t=1           )   
[approve]: (e= 10, t=0, type= thread_join   , t=1           )   
[approve]: (e= 21, t=2, type= thread_end    , t=2           )   
[approve]: (e= 24, t=0, type= thread_join   , t=2           )   
[approve]: (e= 25, t=0, type= thread_end    , t=0           )   
